<?xml version="1.0" encoding="UTF-8"?>
<!-- Generated by org.testng.reporters.JUnitXMLReporter -->
<testsuite hostname="TATRC-17323" ignored="0" name="Create New Activity" tests="10" failures="1" timestamp="22 Oct 2019 22:00:45 GMT" time="360.073" errors="0">
  <testcase name="addNewActivitiesForWeek" time="32.884" classname="testCases.CreateNewActivity"/>
  <testcase name="addNewActivityForCurrentDate" time="41.347" classname="testCases.CreateNewActivityForTeam">
    <failure type="org.openqa.selenium.NoSuchElementException" message="Unable to locate element: Create New Activity
For documentation on this error, please visit: http://seleniumhq.org/exceptions/no_such_element.html
Build info: version: &amp;apos;3.11.0&amp;apos;, revision: &amp;apos;e59cfb3&amp;apos;, time: &amp;apos;2018-03-11T20:26:55.152Z&amp;apos;
System info: host: &amp;apos;TATRC-17323&amp;apos;, ip: &amp;apos;172.22.2.97&amp;apos;, os.name: &amp;apos;Windows 10&amp;apos;, os.arch: &amp;apos;amd64&amp;apos;, os.version: &amp;apos;10.0&amp;apos;, java.version: &amp;apos;1.8.0_144&amp;apos;
Driver info: org.openqa.selenium.firefox.FirefoxDriver
Capabilities {acceptInsecureCerts: true, browserName: firefox, browserVersion: 69.0.3, javascriptEnabled: true, moz:accessibilityChecks: false, moz:buildID: 20191009172106, moz:geckodriverVersion: 0.26.0, moz:headless: false, moz:processID: 11556, moz:profile: C:\Users\jesse.childress\Ap..., moz:shutdownTimeout: 60000, moz:useNonSpecCompliantPointerOrigin: false, moz:webdriverClick: true, pageLoadStrategy: normal, platform: WINDOWS, platformName: WINDOWS, platformVersion: 10.0, rotatable: false, setWindowRect: true, strictFileInteractability: false, timeouts: {implicit: 0, pageLoad: 300000, script: 30000}, unhandledPromptBehavior: dismiss and notify}
Session ID: 00b2e8b8-52ff-4e68-b872-f74150d10b69
*** Element info: {Using=link text, value=Create New Activity}">
      <![CDATA[org.openqa.selenium.NoSuchElementException: Unable to locate element: Create New Activity
For documentation on this error, please visit: http://seleniumhq.org/exceptions/no_such_element.html
Build info: version: '3.11.0', revision: 'e59cfb3', time: '2018-03-11T20:26:55.152Z'
System info: host: 'TATRC-17323', ip: '172.22.2.97', os.name: 'Windows 10', os.arch: 'amd64', os.version: '10.0', java.version: '1.8.0_144'
Driver info: org.openqa.selenium.firefox.FirefoxDriver
Capabilities {acceptInsecureCerts: true, browserName: firefox, browserVersion: 69.0.3, javascriptEnabled: true, moz:accessibilityChecks: false, moz:buildID: 20191009172106, moz:geckodriverVersion: 0.26.0, moz:headless: false, moz:processID: 11556, moz:profile: C:\Users\jesse.childress\Ap..., moz:shutdownTimeout: 60000, moz:useNonSpecCompliantPointerOrigin: false, moz:webdriverClick: true, pageLoadStrategy: normal, platform: WINDOWS, platformName: WINDOWS, platformVersion: 10.0, rotatable: false, setWindowRect: true, strictFileInteractability: false, timeouts: {implicit: 0, pageLoad: 300000, script: 30000}, unhandledPromptBehavior: dismiss and notify}
Session ID: 00b2e8b8-52ff-4e68-b872-f74150d10b69
*** Element info: {Using=link text, value=Create New Activity}
	at org.openqa.selenium.remote.http.W3CHttpResponseCodec.createException(W3CHttpResponseCodec.java:187)
	at org.openqa.selenium.remote.http.W3CHttpResponseCodec.decode(W3CHttpResponseCodec.java:122)
	at org.openqa.selenium.remote.http.W3CHttpResponseCodec.decode(W3CHttpResponseCodec.java:49)
	at org.openqa.selenium.remote.HttpCommandExecutor.execute(HttpCommandExecutor.java:158)
	at org.openqa.selenium.remote.service.DriverCommandExecutor.execute(DriverCommandExecutor.java:83)
	at org.openqa.selenium.remote.RemoteWebDriver.execute(RemoteWebDriver.java:545)
	at org.openqa.selenium.remote.RemoteWebDriver.findElement(RemoteWebDriver.java:319)
	at org.openqa.selenium.remote.RemoteWebDriver.findElementByLinkText(RemoteWebDriver.java:373)
	at org.openqa.selenium.By$ByLinkText.findElement(By.java:246)
	at org.openqa.selenium.remote.RemoteWebDriver.findElement(RemoteWebDriver.java:311)
	at org.openqa.selenium.support.pagefactory.DefaultElementLocator.findElement(DefaultElementLocator.java:69)
	at org.openqa.selenium.support.pagefactory.internal.LocatingElementHandler.invoke(LocatingElementHandler.java:38)
	at com.sun.proxy.$Proxy10.click(Unknown Source)
	at pageFactories.MyActivityLogPageFactory.clickCreateNewActivity(MyActivityLogPageFactory.java:31)
	at modularScripts.CreateNewActivityMod.addActivityForCurrentDate(CreateNewActivityMod.java:76)
	at testCases.CreateNewActivityForTeam.addNewActivityForCurrentDate(CreateNewActivityForTeam.java:46)
	at java.util.concurrent.ThreadPoolExecutor.runWorker(Unknown Source)
	at java.util.concurrent.ThreadPoolExecutor$Worker.run(Unknown Source)
	at java.lang.Thread.run(Unknown Source)
... Removed 13 stack frames]]>
    </failure>
  </testcase> <!-- addNewActivityForCurrentDate -->
  <testcase name="addNewActivityForCurrentDate" time="34.859" classname="testCases.CreateNewActivityForTeam"/>
  <testcase name="addNewActivityForCurrentDate" time="33.693" classname="testCases.CreateNewActivityForTeam"/>
  <testcase name="addNewActivityForCurrentDate" time="31.797" classname="testCases.CreateNewActivityForTeam"/>
  <testcase name="addNewActivityForCurrentDate" time="34.459" classname="testCases.CreateNewActivityForTeam"/>
  <testcase name="addNewActivityForCurrentDate" time="37.673" classname="testCases.CreateNewActivityForTeam"/>
  <testcase name="addNewActivityForCurrentDate" time="33.765" classname="testCases.CreateNewActivityForTeam"/>
  <testcase name="addNewActivityForCurrentDate" time="31.697" classname="testCases.CreateNewActivityForTeam"/>
  <testcase name="addNewActivityForCurrentDate" time="37.786" classname="testCases.CreateNewActivityForTeam"/>
</testsuite> <!-- Create New Activity -->
