<?xml version="1.0" encoding="UTF-8"?>
<!-- Generated by org.testng.reporters.JUnitXMLReporter -->
<testsuite hostname="TATRC-17323" ignored="0" name="Miscellaneous Tests" tests="9" failures="3" timestamp="22 Oct 2019 22:09:15 GMT" time="187.077" errors="0">
  <testcase name="performPasswordChangeTests" time="31.12" classname="testCases.ChangePassword">
    <failure type="org.openqa.selenium.NoSuchElementException" message="Unable to locate element: //a[contains(text(), &amp;apos;Hello&amp;apos;)]
For documentation on this error, please visit: http://seleniumhq.org/exceptions/no_such_element.html
Build info: version: &amp;apos;3.11.0&amp;apos;, revision: &amp;apos;e59cfb3&amp;apos;, time: &amp;apos;2018-03-11T20:26:55.152Z&amp;apos;
System info: host: &amp;apos;TATRC-17323&amp;apos;, ip: &amp;apos;172.22.2.97&amp;apos;, os.name: &amp;apos;Windows 10&amp;apos;, os.arch: &amp;apos;amd64&amp;apos;, os.version: &amp;apos;10.0&amp;apos;, java.version: &amp;apos;1.8.0_144&amp;apos;
Driver info: org.openqa.selenium.firefox.FirefoxDriver
Capabilities {acceptInsecureCerts: true, browserName: firefox, browserVersion: 69.0.3, javascriptEnabled: true, moz:accessibilityChecks: false, moz:buildID: 20191009172106, moz:geckodriverVersion: 0.26.0, moz:headless: false, moz:processID: 10588, moz:profile: C:\Users\jesse.childress\Ap..., moz:shutdownTimeout: 60000, moz:useNonSpecCompliantPointerOrigin: false, moz:webdriverClick: true, pageLoadStrategy: normal, platform: WINDOWS, platformName: WINDOWS, platformVersion: 10.0, rotatable: false, setWindowRect: true, strictFileInteractability: false, timeouts: {implicit: 0, pageLoad: 300000, script: 30000}, unhandledPromptBehavior: dismiss and notify}
Session ID: 34b3abb7-fa85-4fb5-b308-4c27236ccb71
*** Element info: {Using=xpath, value=//a[contains(text(), &amp;apos;Hello&amp;apos;)]}">
      <![CDATA[org.openqa.selenium.NoSuchElementException: Unable to locate element: //a[contains(text(), 'Hello')]
For documentation on this error, please visit: http://seleniumhq.org/exceptions/no_such_element.html
Build info: version: '3.11.0', revision: 'e59cfb3', time: '2018-03-11T20:26:55.152Z'
System info: host: 'TATRC-17323', ip: '172.22.2.97', os.name: 'Windows 10', os.arch: 'amd64', os.version: '10.0', java.version: '1.8.0_144'
Driver info: org.openqa.selenium.firefox.FirefoxDriver
Capabilities {acceptInsecureCerts: true, browserName: firefox, browserVersion: 69.0.3, javascriptEnabled: true, moz:accessibilityChecks: false, moz:buildID: 20191009172106, moz:geckodriverVersion: 0.26.0, moz:headless: false, moz:processID: 10588, moz:profile: C:\Users\jesse.childress\Ap..., moz:shutdownTimeout: 60000, moz:useNonSpecCompliantPointerOrigin: false, moz:webdriverClick: true, pageLoadStrategy: normal, platform: WINDOWS, platformName: WINDOWS, platformVersion: 10.0, rotatable: false, setWindowRect: true, strictFileInteractability: false, timeouts: {implicit: 0, pageLoad: 300000, script: 30000}, unhandledPromptBehavior: dismiss and notify}
Session ID: 34b3abb7-fa85-4fb5-b308-4c27236ccb71
*** Element info: {Using=xpath, value=//a[contains(text(), 'Hello')]}
	at org.openqa.selenium.remote.http.W3CHttpResponseCodec.createException(W3CHttpResponseCodec.java:187)
	at org.openqa.selenium.remote.http.W3CHttpResponseCodec.decode(W3CHttpResponseCodec.java:122)
	at org.openqa.selenium.remote.http.W3CHttpResponseCodec.decode(W3CHttpResponseCodec.java:49)
	at org.openqa.selenium.remote.HttpCommandExecutor.execute(HttpCommandExecutor.java:158)
	at org.openqa.selenium.remote.service.DriverCommandExecutor.execute(DriverCommandExecutor.java:83)
	at org.openqa.selenium.remote.RemoteWebDriver.execute(RemoteWebDriver.java:545)
	at org.openqa.selenium.remote.RemoteWebDriver.findElement(RemoteWebDriver.java:319)
	at org.openqa.selenium.remote.RemoteWebDriver.findElementByXPath(RemoteWebDriver.java:421)
	at org.openqa.selenium.By$ByXPath.findElement(By.java:361)
	at org.openqa.selenium.remote.RemoteWebDriver.findElement(RemoteWebDriver.java:311)
	at org.openqa.selenium.support.pagefactory.DefaultElementLocator.findElement(DefaultElementLocator.java:69)
	at org.openqa.selenium.support.pagefactory.internal.LocatingElementHandler.invoke(LocatingElementHandler.java:38)
	at com.sun.proxy.$Proxy10.getAttribute(Unknown Source)
	at pageFactories.MenusPageFactory.readGreetingName(MenusPageFactory.java:1724)
	at testCases.ChangePassword.loginAsExistingUser(ChangePassword.java:82)
	at testCases.ChangePassword.performPasswordChangeTests(ChangePassword.java:50)
	at java.util.concurrent.ThreadPoolExecutor.runWorker(Unknown Source)
	at java.util.concurrent.ThreadPoolExecutor$Worker.run(Unknown Source)
	at java.lang.Thread.run(Unknown Source)
... Removed 13 stack frames]]>
    </failure>
  </testcase> <!-- performPasswordChangeTests -->
  <testcase name="loginUser" time="17.872" classname="testCases.TeamLogin">
    <failure type="java.lang.AssertionError" message="The following asserts failed:
	Page Title assertion:  expected [Team Fitness Tracker - Team Fitness Tracker] but found [Device Registration - Team Fitness Tracker]">
      <![CDATA[java.lang.AssertionError: The following asserts failed:
	Page Title assertion:  expected [Team Fitness Tracker - Team Fitness Tracker] but found [Device Registration - Team Fitness Tracker]
	at testCases.TeamLogin.loginUser(TeamLogin.java:42)
	at java.util.concurrent.ThreadPoolExecutor.runWorker(Unknown Source)
	at java.util.concurrent.ThreadPoolExecutor$Worker.run(Unknown Source)
	at java.lang.Thread.run(Unknown Source)
... Removed 11 stack frames]]>
    </failure>
  </testcase> <!-- loginUser -->
  <testcase name="loginUser" time="17.972" classname="testCases.TeamLogin"/>
  <testcase name="loginUser" time="18.148" classname="testCases.TeamLogin"/>
  <testcase name="loginUser" time="16.128" classname="testCases.TeamLogin">
    <failure type="java.lang.AssertionError" message="The following asserts failed:
	Page Title assertion:  expected [Team Fitness Tracker - Team Fitness Tracker] but found [Device Registration - Team Fitness Tracker]">
      <![CDATA[java.lang.AssertionError: The following asserts failed:
	Page Title assertion:  expected [Team Fitness Tracker - Team Fitness Tracker] but found [Device Registration - Team Fitness Tracker]
	at testCases.TeamLogin.loginUser(TeamLogin.java:42)
	at java.util.concurrent.ThreadPoolExecutor.runWorker(Unknown Source)
	at java.util.concurrent.ThreadPoolExecutor$Worker.run(Unknown Source)
	at java.lang.Thread.run(Unknown Source)
... Removed 11 stack frames]]>
    </failure>
  </testcase> <!-- loginUser -->
  <testcase name="loginUser" time="19.11" classname="testCases.TeamLogin"/>
  <testcase name="loginUser" time="18.095" classname="testCases.TeamLogin"/>
  <testcase name="loginUser" time="20.689" classname="testCases.TeamLogin"/>
  <testcase name="loginUser" time="18.515" classname="testCases.TeamLogin"/>
</testsuite> <!-- Miscellaneous Tests -->
